<?xml version="1.0" encoding="utf-8"?><testsuites name="pytest tests"><testsuite name="pytest" errors="0" failures="0" skipped="0" tests="7" time="6.995" timestamp="2026-07-29T16:34:40.562260+00:00" hostname="agent-env-61face7b-358a-4847-85ce-d647fddf177c"><testcase classname="tests.test_backend.TestAuthMe" name="test_me_without_token" time="0.385" /><testcase classname="tests.test_backend.TestPlayersLive" name="test_players_live_shape" time="0.322" /><testcase classname="tests.test_backend.TestPlayersLive" name="test_players_live_moves" time="2.740" /><testcase classname="tests.test_backend.TestAuthMe" name="test_me_invalid_token" time="0.140" /><testcase classname="tests.test_backend.TestAuthMe" name="test_me_valid_token" time="0.105" /><testcase classname="tests.test_backend.TestServerStatus" name="test_status_returns_expected_shape" time="3.252" /><testcase classname="tests.test_backend.TestDiscordLogin" name="test_login_returns_url" time="0.200" /></testsuite></testsuites>