<?xml version="1.0" encoding="utf-8"?><testsuites name="pytest tests"><testsuite name="pytest" errors="0" failures="0" skipped="0" tests="5" time="4.021" timestamp="2026-07-29T15:18:27.594867+00:00" hostname="agent-env-61face7b-358a-4847-85ce-d647fddf177c"><testcase classname="tests.test_backend.TestAuthMe" name="test_me_without_token" time="0.283" /><testcase classname="tests.test_backend.TestServerStatus" name="test_status_returns_expected_shape" time="3.352" /><testcase classname="tests.test_backend.TestAuthMe" name="test_me_invalid_token" time="0.129" /><testcase classname="tests.test_backend.TestAuthMe" name="test_me_valid_token" time="0.170" /><testcase classname="tests.test_backend.TestDiscordLogin" name="test_login_returns_url" time="0.184" /></testsuite></testsuites>